[21-Dec-2024 15:54:44 UTC] {
    "timestamp": "2024-12-21 15:54:44",
    "message": "Raw Input",
    "context": {
        "input": "{\"query\":\"\\n                {\\n                    products {\\n                        id\\n                        name\\n                        description\\n                        price\\n                        category\\n                        stock\\n                        createdAt\\n                        updatedAt\\n                    }\\n                }\\n            \"}"
    }
}
[21-Dec-2024 15:54:46 UTC] {
    "timestamp": "2024-12-21 15:54:46",
    "message": "GraphQL Error",
    "context": {
        "message": "Only POST requests are allowed",
        "trace": "#0 {main}"
    }
}
[21-Dec-2024 15:55:18 UTC] {
    "timestamp": "2024-12-21 15:55:18",
    "message": "Raw Input",
    "context": {
        "input": "{\"query\":\"\\n                    query {\\n                        products {\\n                            id\\n                            name\\n                            price\\n                            imageUrl\\n                        }\\n                    }\\n                \"}"
    }
}
